<?xml version="1.0" encoding="UTF-8"?>
<!-- Generated by org.testng.reporters.JUnitReportReporter -->
<testsuite skipped="0" hostname="Olegs-Mac-mini.Dlink" name="DescTest" tests="3" failures="0" timestamp="19 Nov 2019 15:24:41 GMT" time="123.433" errors="0">
  <testcase name="testListNamesLength" time="41.771" classname="DescTest"/>
  <testcase name="testCanAddFewLists" time="43.475" classname="DescTest"/>
  <testcase name="testListNamesLength" time="38.187" classname="DescTest"/>
</testsuite> <!-- DescTest -->
