<?xml version="1.0" encoding="UTF-8"?>
<!-- Generated by org.testng.reporters.JUnitReportReporter -->
<testsuite skipped="0" hostname="Olegs-Mac-mini.Dlink" name="DescTest" tests="1" failures="0" timestamp="19 Nov 2019 07:37:54 GMT" time="49.308" errors="0">
  <testcase name="addList" time="49.308" classname="DescTest"/>
</testsuite> <!-- DescTest -->
