<?xml version="1.0" encoding="UTF-8"?>
<testsuite name="DescTest" tests="1" skipped="0" failures="0" errors="0" timestamp="2019-11-19T07:37:03" hostname="Olegs-Mac-mini.Dlink" time="44.406">
  <properties/>
  <testcase name="addList" classname="DescTest" time="44.406"/>
  <system-out><![CDATA[]]></system-out>
  <system-err><![CDATA[]]></system-err>
</testsuite>
