<?xml version="1.0" encoding="UTF-8"?>
<testsuite name="LoginTest" tests="1" skipped="0" failures="0" errors="0" timestamp="2019-11-19T07:37:03" hostname="Olegs-Mac-mini.Dlink" time="50.695">
  <properties/>
  <testcase name="loginTest" classname="LoginTest" time="50.695"/>
  <system-out><![CDATA[]]></system-out>
  <system-err><![CDATA[Starting ChromeDriver 78.0.3904.70 (edb9c9f3de0247fd912a77b7f6cae7447f6d3ad5-refs/branch-heads/3904@{#800}) on port 36537
Starting ChromeDriver 78.0.3904.70 (edb9c9f3de0247fd912a77b7f6cae7447f6d3ad5-refs/branch-heads/3904@{#800}) on port 25439
Only local connections are allowed.
Only local connections are allowed.
Please protect ports used by ChromeDriver and related test frameworks to prevent access by malicious code.
Please protect ports used by ChromeDriver and related test frameworks to prevent access by malicious code.
]]></system-err>
</testsuite>
